c:\alina\term5\зиинис\lab4\applicationhemming\applicationhemming\debug\vc142.pdb
c:\alina\term5\зиинис\lab4\applicationhemming\applicationhemming\debug\vc142.idb
c:\alina\term5\зиинис\lab4\applicationhemming\applicationhemming\debug\applicationhemming.obj
c:\alina\term5\зиинис\lab4\applicationhemming\debug\applicationhemming.exe
c:\alina\term5\зиинис\lab4\applicationhemming\applicationhemming\debug\applicationhemming.ilk
c:\alina\term5\зиинис\lab4\applicationhemming\debug\applicationhemming.pdb
d:\5sem\зиинис\lr\lab4\applicationhemming\applicationhemming\debug\applicationhemming.obj
d:\5sem\зиинис\lr\lab4\applicationhemming\applicationhemming\debug\applicationhemming.ilk
d:\5sem\зиинис\lr\lab4\applicationhemming\applicationhemming\debug\vc141.idb
d:\5sem\зиинис\lr\lab4\applicationhemming\applicationhemming\debug\vc142.idb
d:\5sem\зиинис\lr\lab4\applicationhemming\applicationhemming\debug\vc143.idb
d:\5sem\зиинис\lr\lab4\applicationhemming\applicationhemming\debug\vc141.pdb
d:\5sem\зиинис\lr\lab4\applicationhemming\applicationhemming\debug\vc142.pdb
d:\5sem\зиинис\lr\lab4\applicationhemming\applicationhemming\debug\vc143.pdb
d:\5sem\зиинис\lr\lab4\applicationhemming\debug\applicationhemming.pdb
d:\5sem\зиинис\lr\lab4\applicationhemming\debug\applicationhemming.exe
d:\5sem\зиинис\lr\lab4\applicationhemming\debug\applicationhemming.ilk
d:\5sem\зиинис\lr\lab4\applicationhemming\applicationhemming\debug\applicat.54be7faf.tlog\cl.command.1.tlog
d:\5sem\зиинис\lr\lab4\applicationhemming\applicationhemming\debug\applicat.54be7faf.tlog\cl.read.1.tlog
d:\5sem\зиинис\lr\lab4\applicationhemming\applicationhemming\debug\applicat.54be7faf.tlog\cl.write.1.tlog
d:\5sem\зиинис\lr\lab4\applicationhemming\applicationhemming\debug\applicat.54be7faf.tlog\link.command.1.tlog
d:\5sem\зиинис\lr\lab4\applicationhemming\applicationhemming\debug\applicat.54be7faf.tlog\link.read.1.tlog
d:\5sem\зиинис\lr\lab4\applicationhemming\applicationhemming\debug\applicat.54be7faf.tlog\link.write.1.tlog
