
SQL*Loader: Release 12.1.0.1.0 - Production on Mon Feb 27 09:02:28 2023

Copyright (c) 1982, 2013, Oracle and/or its affiliates.  All rights reserved.

Control File:   SETINGLOADER.CTL
Data File:      TSQLLOADER.txt
  Bad File:     TSQLLOADER.bad
  Discard File:  none specified
 
 (Allow all discards)

Number to load: ALL
Number to skip: 0
Errors allowed: 50
Bind array:     64 rows, maximum of 256000 bytes
Continuation:    none specified
Path used:      Conventional

Table TSQLLOADER, loaded from every logical record.
Insert option in effect for this table: REPLACE

   Column Name                  Position   Len  Term Encl Datatype
------------------------------ ---------- ----- ---- ---- ---------------------
ID                                  FIRST     *   ;       CHARACTER            
TEXT                                 NEXT     *   ;       CHARACTER            
    SQL string for column : "UPPER(:text)"
DATE_VALUE                           NEXT     *   ;       DATE dd-mm-yyyy      


Table TSQLLOADER:
  20 Rows successfully loaded.
  0 Rows not loaded due to data errors.
  0 Rows not loaded because all WHEN clauses were failed.
  0 Rows not loaded because all fields were null.


Space allocated for bind array:                  49536 bytes(64 rows)
Read   buffer bytes: 1048576

Total logical records skipped:          0
Total logical records read:            20
Total logical records rejected:         0
Total logical records discarded:        0

Run began on Mon Feb 27 09:02:28 2023
Run ended on Mon Feb 27 09:02:28 2023

Elapsed time was:     00:00:00.07
CPU time was:         00:00:00.02
